This is pdfTeX, Version 3.14159265-2.6-1.40.18 (MiKTeX 2.9.6500) (preloaded format=pdflatex 2017.12.11)  17 APR 2020 00:47
entering extended mode
**./ImmunochemiotherapyModel.tex
(ImmunochemiotherapyModel.tex
LaTeX2e <2017-04-15>
Babel <3.15> and hyphenation patterns for 75 language(s) loaded.
(USTAWIENIA.tex
("C:\Program Files (x86)\MiKTeX 2.9\tex\generic\oberdiek\ifpdf.sty"
Package: ifpdf 2017/03/15 v3.2 Provides the ifpdf switch
)
(thesis.cls
Document Class: thesis 1996/25/01 1.0g LaTeX document class (wm).
\hours=\count79
\minutes=\count80
("C:\Program Files (x86)\MiKTeX 2.9\tex\latex\base\bk12.clo"
File: bk12.clo 2014/09/29 v1.4h Standard LaTeX file (size option)
)
\c@part=\count81
\c@chapter=\count82
\c@section=\count83
\c@subsection=\count84
\c@subsubsection=\count85
\c@paragraph=\count86
\c@subparagraph=\count87
\beforechaptervspace=\skip41
\afterchaptervspace=\skip42
\exampleindent=\skip43
\c@figure=\count88
\c@table=\count89
\abovecaptionskip=\skip44
\belowcaptionskip=\skip45
\bibindent=\dimen102
)
("C:\Program Files (x86)\MiKTeX 2.9\tex\latex\graphics\graphicx.sty"
Package: graphicx 2017/06/01 v1.1a Enhanced LaTeX Graphics (DPC,SPQR)

("C:\Program Files (x86)\MiKTeX 2.9\tex\latex\graphics\keyval.sty"
Package: keyval 2014/10/28 v1.15 key=value parser (DPC)
\KV@toks@=\toks14
)
("C:\Program Files (x86)\MiKTeX 2.9\tex\latex\graphics\graphics.sty"
Package: graphics 2017/06/25 v1.2c Standard LaTeX Graphics (DPC,SPQR)

("C:\Program Files (x86)\MiKTeX 2.9\tex\latex\graphics\trig.sty"
Package: trig 2016/01/03 v1.10 sin cos tan (DPC)
)
("C:\Program Files (x86)\MiKTeX 2.9\tex\latex\graphics-cfg\graphics.cfg"
File: graphics.cfg 2016/06/04 v1.11 sample graphics configuration
)
Package graphics Info: Driver file: pdftex.def on input line 99.

("C:\Program Files (x86)\MiKTeX 2.9\tex\latex\graphics-def\pdftex.def"
File: pdftex.def 2017/12/07 v1.0i Graphics/color driver for pdftex
))
\Gin@req@height=\dimen103
\Gin@req@width=\dimen104
)
("C:\Program Files (x86)\MiKTeX 2.9\tex\latex\url\url.sty"
\Urlmuskip=\muskip10
Package: url 2013/09/16  ver 3.4  Verb mode for urls, etc.
) (stronatytulowa.sty) ("C:\Program Files (x86)\MiKTeX 2.9\tex\latex\base\input
enc.sty"
Package: inputenc 2015/03/17 v1.2c Input encoding file
\inpenc@prehook=\toks15
\inpenc@posthook=\toks16

("C:\Program Files (x86)\MiKTeX 2.9\tex\latex\base\cp1250.def"
File: cp1250.def 2015/03/17 v1.2c Input encoding file
))
("C:\Program Files (x86)\MiKTeX 2.9\tex\latex\hyperref\hyperref.sty"
Package: hyperref 2017/03/14 v6.85a Hypertext links for LaTeX

("C:\Program Files (x86)\MiKTeX 2.9\tex\generic\oberdiek\hobsub-hyperref.sty"
Package: hobsub-hyperref 2016/05/16 v1.14 Bundle oberdiek, subset hyperref (HO)


("C:\Program Files (x86)\MiKTeX 2.9\tex\generic\oberdiek\hobsub-generic.sty"
Package: hobsub-generic 2016/05/16 v1.14 Bundle oberdiek, subset generic (HO)
Package: hobsub 2016/05/16 v1.14 Construct package bundles (HO)
Package: infwarerr 2016/05/16 v1.4 Providing info/warning/error messages (HO)
Package: ltxcmds 2016/05/16 v1.23 LaTeX kernel commands for general use (HO)
Package: ifluatex 2016/05/16 v1.4 Provides the ifluatex switch (HO)
Package ifluatex Info: LuaTeX not detected.
Package: ifvtex 2016/05/16 v1.6 Detect VTeX and its facilities (HO)
Package ifvtex Info: VTeX not detected.
Package: intcalc 2016/05/16 v1.2 Expandable calculations with integers (HO)
Package hobsub Info: Skipping package `ifpdf' (already loaded).
Package: etexcmds 2016/05/16 v1.6 Avoid name clashes with e-TeX commands (HO)
Package etexcmds Info: Could not find \expanded.
(etexcmds)             That can mean that you are not using pdfTeX 1.50 or
(etexcmds)             that some package has redefined \expanded.
(etexcmds)             In the latter case, load this package earlier.
Package: kvsetkeys 2016/05/16 v1.17 Key value parser (HO)
Package: kvdefinekeys 2016/05/16 v1.4 Define keys (HO)
Package: pdftexcmds 2017/03/19 v0.25 Utility functions of pdfTeX for LuaTeX (HO
)
Package pdftexcmds Info: LuaTeX not detected.
Package pdftexcmds Info: \pdf@primitive is available.
Package pdftexcmds Info: \pdf@ifprimitive is available.
Package pdftexcmds Info: \pdfdraftmode found.
Package: pdfescape 2016/05/16 v1.14 Implements pdfTeX's escape features (HO)
Package: bigintcalc 2016/05/16 v1.4 Expandable calculations on big integers (HO
)
Package: bitset 2016/05/16 v1.2 Handle bit-vector datatype (HO)
Package: uniquecounter 2016/05/16 v1.3 Provide unlimited unique counter (HO)
)
Package hobsub Info: Skipping package `hobsub' (already loaded).
Package: letltxmacro 2016/05/16 v1.5 Let assignment for LaTeX macros (HO)
Package: hopatch 2016/05/16 v1.3 Wrapper for package hooks (HO)
Package: xcolor-patch 2016/05/16 xcolor patch
Package: atveryend 2016/05/16 v1.9 Hooks at the very end of document (HO)
Package atveryend Info: \enddocument detected (standard20110627).
Package: atbegshi 2016/06/09 v1.18 At begin shipout hook (HO)
Package: refcount 2016/05/16 v3.5 Data extraction from label references (HO)
Package: hycolor 2016/05/16 v1.8 Color options for hyperref/bookmark (HO)
)
("C:\Program Files (x86)\MiKTeX 2.9\tex\generic\ifxetex\ifxetex.sty"
Package: ifxetex 2010/09/12 v0.6 Provides ifxetex conditional
)
("C:\Program Files (x86)\MiKTeX 2.9\tex\latex\oberdiek\auxhook.sty"
Package: auxhook 2016/05/16 v1.4 Hooks for auxiliary files (HO)
)
("C:\Program Files (x86)\MiKTeX 2.9\tex\latex\oberdiek\kvoptions.sty"
Package: kvoptions 2016/05/16 v3.12 Key value format for package options (HO)
)
\@linkdim=\dimen105
\Hy@linkcounter=\count90
\Hy@pagecounter=\count91

("C:\Program Files (x86)\MiKTeX 2.9\tex\latex\hyperref\pd1enc.def"
File: pd1enc.def 2017/03/14 v6.85a Hyperref: PDFDocEncoding definition (HO)
)
\Hy@SavedSpaceFactor=\count92

("C:\Program Files (x86)\MiKTeX 2.9\tex\latex\00miktex\hyperref.cfg"
File: hyperref.cfg 2002/06/06 v1.2 hyperref configuration of TeXLive
)
Package hyperref Info: Option `colorlinks' set `true' on input line 4374.
Package hyperref Info: Option `pdfusetitle' set `true' on input line 4374.
Package hyperref Info: Hyper figures OFF on input line 4498.
Package hyperref Info: Link nesting OFF on input line 4503.
Package hyperref Info: Hyper index ON on input line 4506.
Package hyperref Info: Plain pages OFF on input line 4513.
Package hyperref Info: Backreferencing OFF on input line 4518.
Package hyperref Info: Implicit mode ON; LaTeX internals redefined.
Package hyperref Info: Bookmarks ON on input line 4751.
\c@Hy@tempcnt=\count93
LaTeX Info: Redefining \url on input line 5104.
\XeTeXLinkMargin=\dimen106
\Fld@menulength=\count94
\Field@Width=\dimen107
\Fld@charsize=\dimen108
Package hyperref Info: Hyper figures OFF on input line 6358.
Package hyperref Info: Link nesting OFF on input line 6363.
Package hyperref Info: Hyper index ON on input line 6366.
Package hyperref Info: backreferencing OFF on input line 6373.
Package hyperref Info: Link coloring ON on input line 6376.
Package hyperref Info: Link coloring with OCG OFF on input line 6383.
Package hyperref Info: PDF/A mode OFF on input line 6388.
LaTeX Info: Redefining \ref on input line 6428.
LaTeX Info: Redefining \pageref on input line 6432.
\Hy@abspage=\count95
\c@Item=\count96
\c@Hfootnote=\count97
)

Package hyperref Message: Driver: hpdftex.

("C:\Program Files (x86)\MiKTeX 2.9\tex\latex\hyperref\hpdftex.def"
File: hpdftex.def 2017/03/14 v6.85a Hyperref driver for pdfTeX
\Fld@listcount=\count98
\c@bookmark@seq@number=\count99

("C:\Program Files (x86)\MiKTeX 2.9\tex\latex\oberdiek\rerunfilecheck.sty"
Package: rerunfilecheck 2016/05/16 v1.8 Rerun checks for auxiliary files (HO)
Package uniquecounter Info: New unique counter `rerunfilecheck' on input line 2
82.
)
\Hy@SectionHShift=\skip46
)
("C:\Program Files (x86)\MiKTeX 2.9\tex\latex\tools\layout.sty"
Package: layout 2014/10/28 v1.2c Show layout parameters
\oneinch=\count100
\cnt@paperwidth=\count101
\cnt@paperheight=\count102
\cnt@hoffset=\count103
\cnt@voffset=\count104
\cnt@textheight=\count105
\cnt@textwidth=\count106
\cnt@topmargin=\count107
\cnt@oddsidemargin=\count108
\cnt@evensidemargin=\count109
\cnt@headheight=\count110
\cnt@headsep=\count111
\cnt@marginparsep=\count112
\cnt@marginparwidth=\count113
\cnt@marginparpush=\count114
\cnt@footskip=\count115
\fheight=\count116
\ref@top=\count117
\ref@hoffset=\count118
\ref@voffset=\count119
\ref@head=\count120
\ref@body=\count121
\ref@foot=\count122
\ref@margin=\count123
\ref@marginwidth=\count124
\ref@marginpar=\count125
\Interval=\count126
\ExtraYPos=\count127
\PositionX=\count128
\PositionY=\count129
\ArrowLength=\count130
)
("C:\Program Files (x86)\MiKTeX 2.9\tex\latex\base\t1enc.sty"
Package: t1enc 1994/06/01 Standard LaTeX package
)
("C:\Program Files (x86)\MiKTeX 2.9\tex\latex\amsmath\amsmath.sty"
Package: amsmath 2017/09/02 v2.17a AMS math features
\@mathmargin=\skip47

For additional information on amsmath, use the `?' option.
("C:\Program Files (x86)\MiKTeX 2.9\tex\latex\amsmath\amstext.sty"
Package: amstext 2000/06/29 v2.01 AMS text

("C:\Program Files (x86)\MiKTeX 2.9\tex\latex\amsmath\amsgen.sty"
File: amsgen.sty 1999/11/30 v2.0 generic functions
\@emptytoks=\toks17
\ex@=\dimen109
))
("C:\Program Files (x86)\MiKTeX 2.9\tex\latex\amsmath\amsbsy.sty"
Package: amsbsy 1999/11/29 v1.2d Bold Symbols
\pmbraise@=\dimen110
)
("C:\Program Files (x86)\MiKTeX 2.9\tex\latex\amsmath\amsopn.sty"
Package: amsopn 2016/03/08 v2.02 operator names
)
\inf@bad=\count131
LaTeX Info: Redefining \frac on input line 213.
\uproot@=\count132
\leftroot@=\count133
LaTeX Info: Redefining \overline on input line 375.
\classnum@=\count134
\DOTSCASE@=\count135
LaTeX Info: Redefining \ldots on input line 472.
LaTeX Info: Redefining \dots on input line 475.
LaTeX Info: Redefining \cdots on input line 596.
\Mathstrutbox@=\box26
\strutbox@=\box27
\big@size=\dimen111
LaTeX Font Info:    Redeclaring font encoding OML on input line 712.
LaTeX Font Info:    Redeclaring font encoding OMS on input line 713.
\macc@depth=\count136
\c@MaxMatrixCols=\count137
\dotsspace@=\muskip11
\c@parentequation=\count138
\dspbrk@lvl=\count139
\tag@help=\toks18
\row@=\count140
\column@=\count141
\maxfields@=\count142
\andhelp@=\toks19
\eqnshift@=\dimen112
\alignsep@=\dimen113
\tagshift@=\dimen114
\tagwidth@=\dimen115
\totwidth@=\dimen116
\lineht@=\dimen117
\@envbody=\toks20
\multlinegap=\skip48
\multlinetaggap=\skip49
\mathdisplay@stack=\toks21
LaTeX Info: Redefining \[ on input line 2817.
LaTeX Info: Redefining \] on input line 2818.
)
(C:\Users\Ania\AppData\Roaming\MiKTeX\2.9\tex\latex\polski\polski.sty
Package: polski 2017/05/04 v1.3.4 Polish language package

   Inputenc package detected. Catcodes not changed.
("C:\Program Files (x86)\MiKTeX 2.9\tex\latex\base\ot4enc.def"
File: ot4enc.def 2017/04/05 v2.0i Standard LaTeX file
)
LaTeX Font Info:    Overwriting math alphabet `\mathbf' in version `normal'
(Font)                  OT1/cmr/bx/n --> OT4/cmr/bx/n on input line 324.
LaTeX Font Info:    Overwriting math alphabet `\mathsf' in version `normal'
(Font)                  OT1/cmss/m/n --> OT4/cmss/m/n on input line 324.
LaTeX Font Info:    Overwriting math alphabet `\mathit' in version `normal'
(Font)                  OT1/cmr/m/it --> OT4/cmr/m/it on input line 324.
LaTeX Font Info:    Overwriting math alphabet `\mathtt' in version `normal'
(Font)                  OT1/cmtt/m/n --> OT4/cmtt/m/n on input line 324.
LaTeX Font Info:    Overwriting math alphabet `\mathsf' in version `bold'
(Font)                  OT1/cmss/bx/n --> OT4/cmss/bx/n on input line 324.
LaTeX Font Info:    Overwriting math alphabet `\mathit' in version `bold'
(Font)                  OT1/cmr/bx/it --> OT4/cmr/bx/it on input line 324.
LaTeX Font Info:    Encoding `OT1' has changed to `OT4' for symbol font
(Font)              `operators' in the math version `normal' on input line 324.

LaTeX Font Info:    Overwriting symbol font `operators' in version `normal'
(Font)                  OT1/cmr/m/n --> OT4/cmr/m/n on input line 324.
LaTeX Font Info:    Overwriting symbol font `letters' in version `normal'
(Font)                  OML/cmm/m/it --> OML/plm/m/it on input line 324.
LaTeX Font Info:    Overwriting symbol font `symbols' in version `normal'
(Font)                  OMS/cmsy/m/n --> OMS/plsy/m/n on input line 324.
LaTeX Font Info:    Overwriting symbol font `largesymbols' in version `normal'
(Font)                  OMX/cmex/m/n --> OMX/plex/m/n on input line 324.
LaTeX Font Info:    Encoding `OT1' has changed to `OT4' for symbol font
(Font)              `operators' in the math version `bold' on input line 324.
LaTeX Font Info:    Overwriting symbol font `operators' in version `bold'
(Font)                  OT1/cmr/bx/n --> OT4/cmr/bx/n on input line 324.
LaTeX Font Info:    Overwriting symbol font `letters' in version `bold'
(Font)                  OML/cmm/b/it --> OML/plm/b/it on input line 324.
LaTeX Font Info:    Overwriting symbol font `symbols' in version `bold'
(Font)                  OMS/cmsy/b/n --> OMS/plsy/b/n on input line 324.
)
("C:\Program Files (x86)\MiKTeX 2.9\tex\latex\psnfss\helvet.sty"
Package: helvet 2005/04/12 PSNFSS-v9.2a (WaS) 
)
("C:\Program Files (x86)\MiKTeX 2.9\tex\latex\tools\indentfirst.sty"
Package: indentfirst 1995/11/23 v1.03 Indent first paragraph (DPC)
)
("C:\Program Files (x86)\MiKTeX 2.9\tex\latex\amsfonts\amsfonts.sty"
Package: amsfonts 2013/01/14 v3.01 Basic AMSFonts support
\symAMSa=\mathgroup4
\symAMSb=\mathgroup5
LaTeX Font Info:    Overwriting math alphabet `\mathfrak' in version `bold'
(Font)                  U/euf/m/n --> U/euf/b/n on input line 106.
)
("C:\Program Files (x86)\MiKTeX 2.9\tex\latex\subfig\subfig.sty"
Package: subfig 2005/06/28 ver: 1.3 subfig package

("C:\Program Files (x86)\MiKTeX 2.9\tex\latex\caption\caption.sty"
Package: caption 2016/02/21 v3.3-144 Customizing captions (AR)

("C:\Program Files (x86)\MiKTeX 2.9\tex\latex\caption\caption3.sty"
Package: caption3 2016/05/22 v1.7-166 caption3 kernel (AR)
Package caption3 Info: TeX engine: e-TeX on input line 67.
\captionmargin=\dimen118
\captionmargin@=\dimen119
\captionwidth=\dimen120
\caption@tempdima=\dimen121
\caption@indent=\dimen122
\caption@parindent=\dimen123
\caption@hangindent=\dimen124
)
\c@ContinuedFloat=\count143
Package caption Info: hyperref package is loaded.
)
\c@KVtest=\count144
\sf@farskip=\skip50
\sf@captopadj=\dimen125
\sf@capskip=\skip51
\sf@nearskip=\skip52
\c@subfigure=\count145
\c@subfigure@save=\count146
\c@lofdepth=\count147
\c@subtable=\count148
\c@subtable@save=\count149
\c@lotdepth=\count150
\sf@top=\skip53
\sf@bottom=\skip54
)
("C:\Program Files (x86)\MiKTeX 2.9\tex\latex\multirow\multirow.sty"
Package: multirow 2016/11/25 v2.2 Span multiple rows of a table
\multirow@colwidth=\skip55
\multirow@cntb=\count151
\multirow@dima=\skip56
\bigstrutjot=\dimen126
)
("C:\Program Files (x86)\MiKTeX 2.9\tex\latex\cite\cite.sty"
LaTeX Info: Redefining \cite on input line 302.
LaTeX Info: Redefining \nocite on input line 332.
Package: cite 2015/02/27  v 5.5
)
("C:\Program Files (x86)\MiKTeX 2.9\tex\latex\listings\listings.sty"
\lst@mode=\count152
\lst@gtempboxa=\box28
\lst@token=\toks22
\lst@length=\count153
\lst@currlwidth=\dimen127
\lst@column=\count154
\lst@pos=\count155
\lst@lostspace=\dimen128
\lst@width=\dimen129
\lst@newlines=\count156
\lst@lineno=\count157
\lst@maxwidth=\dimen130

("C:\Program Files (x86)\MiKTeX 2.9\tex\latex\listings\lstmisc.sty"
File: lstmisc.sty 2015/06/04 1.6 (Carsten Heinz)
\c@lstnumber=\count158
\lst@skipnumbers=\count159
\lst@framebox=\box29
)
("C:\Program Files (x86)\MiKTeX 2.9\tex\latex\listings\listings.cfg"
File: listings.cfg 2015/06/04 1.6 listings configuration
))
Package: listings 2015/06/04 1.6 (Carsten Heinz)

("C:\Program Files (x86)\MiKTeX 2.9\tex\latex\listings\lstlang1.sty"
File: lstlang1.sty 2015/06/04 1.6 listings language file
)
(cleardpempty.sty) ("C:\Program Files (x86)\MiKTeX 2.9\tex\latex\float\float.st
y"
Package: float 2001/11/08 v1.3d Float enhancements (AL)
\c@float@type=\count160
\float@exts=\toks23
\float@box=\box30
\@float@everytoks=\toks24
\@floatcapt=\box31
) ("C:\Program Files (x86)\MiKTeX 2.9\tex\latex\tools\longtable.sty"
Package: longtable 2014/10/28 v4.11 Multi-page Table package (DPC)
\LTleft=\skip57
\LTright=\skip58
\LTpre=\skip59
\LTpost=\skip60
\LTchunksize=\count161
\LTcapwidth=\dimen131
\LT@head=\box32
\LT@firsthead=\box33
\LT@foot=\box34
\LT@lastfoot=\box35
\LT@cols=\count162
\LT@rows=\count163
\c@LT@tables=\count164
\c@LT@chunks=\count165
\LT@p@ftn=\toks25
)
\c@twierdzenie=\count166
\c@wlasnosc=\count167
\c@lemat=\count168
)
("C:\Program Files (x86)\MiKTeX 2.9\tex\latex\graphics\color.sty"
Package: color 2016/07/10 v1.1e Standard LaTeX Color (DPC)

("C:\Program Files (x86)\MiKTeX 2.9\tex\latex\graphics-cfg\color.cfg"
File: color.cfg 2016/01/02 v1.6 sample color configuration
)
Package color Info: Driver file: pdftex.def on input line 147.
)
("C:\Program Files (x86)\MiKTeX 2.9\tex\latex\ltxmisc\anysize.sty"
Package: anysize 1994/08/13 1.0 Contributed LaTeX2e package

Package: `anysize' 1.0 <1994/08/13>
\@Leftmargin=\dimen132
\@Rightmargin=\dimen133
\@Topmargin=\dimen134
\@Bottommargin=\dimen135
) (ImmunochemiotherapyModel.aux)
\openout1 = `ImmunochemiotherapyModel.aux'.

LaTeX Font Info:    Checking defaults for OML/cmm/m/it on input line 11.
LaTeX Font Info:    ... okay on input line 11.
LaTeX Font Info:    Checking defaults for T1/cmr/m/n on input line 11.
LaTeX Font Info:    ... okay on input line 11.
LaTeX Font Info:    Checking defaults for OT1/cmr/m/n on input line 11.
LaTeX Font Info:    ... okay on input line 11.
LaTeX Font Info:    Checking defaults for OMS/cmsy/m/n on input line 11.
LaTeX Font Info:    ... okay on input line 11.
LaTeX Font Info:    Checking defaults for OMX/cmex/m/n on input line 11.
LaTeX Font Info:    ... okay on input line 11.
LaTeX Font Info:    Checking defaults for U/cmr/m/n on input line 11.
LaTeX Font Info:    ... okay on input line 11.
LaTeX Font Info:    Checking defaults for PD1/pdf/m/n on input line 11.
LaTeX Font Info:    ... okay on input line 11.
LaTeX Font Info:    Checking defaults for OT4/cmr/m/n on input line 11.
LaTeX Font Info:    Try loading font information for OT4+cmr on input line 11.

(C:\Users\Ania\AppData\Roaming\MiKTeX\2.9\tex\latex\polski\ot4cmr.fd
File: ot4cmr.fd 2008/02/24 v1.2.1 Font defs for fonts PL (MW)
)
LaTeX Font Info:    ... okay on input line 11.

("C:\Program Files (x86)\MiKTeX 2.9\tex\context\base\supp-pdf.mkii"
[Loading MPS to PDF converter (version 2006.09.02).]
\scratchcounter=\count169
\scratchdimen=\dimen136
\scratchbox=\box36
\nofMPsegments=\count170
\nofMParguments=\count171
\everyMPshowfont=\toks26
\MPscratchCnt=\count172
\MPscratchDim=\dimen137
\MPnumerator=\count173
\makeMPintoPDFobject=\count174
\everyMPtoPDFconversion=\toks27
) ("C:\Program Files (x86)\MiKTeX 2.9\tex\latex\oberdiek\epstopdf-base.sty"
Package: epstopdf-base 2016/05/15 v2.6 Base part for package epstopdf

("C:\Program Files (x86)\MiKTeX 2.9\tex\latex\oberdiek\grfext.sty"
Package: grfext 2016/05/16 v1.2 Manage graphics extensions (HO)
)
Package epstopdf-base Info: Redefining graphics rule for `.eps' on input line 4
38.
Package grfext Info: Graphics extension search list:
(grfext)             [.pdf,.png,.jpg,.mps,.jpeg,.jbig2,.jb2,.PDF,.PNG,.JPG,.JPE
G,.JBIG2,.JB2,.eps]
(grfext)             \AppendGraphicsExtensions on input line 456.
)
\AtBeginShipoutBox=\box37
Package hyperref Info: Link coloring ON on input line 11.

("C:\Program Files (x86)\MiKTeX 2.9\tex\latex\hyperref\nameref.sty"
Package: nameref 2016/05/21 v2.44 Cross-referencing by name of section

("C:\Program Files (x86)\MiKTeX 2.9\tex\generic\oberdiek\gettitlestring.sty"
Package: gettitlestring 2016/05/16 v1.5 Cleanup title references (HO)
)
\c@section@level=\count175
)
LaTeX Info: Redefining \ref on input line 11.
LaTeX Info: Redefining \pageref on input line 11.
LaTeX Info: Redefining \nameref on input line 11.

(ImmunochemiotherapyModel.out) (ImmunochemiotherapyModel.out)
\@outlinefile=\write3
\openout3 = `ImmunochemiotherapyModel.out'.

Package caption Info: Begin \AtBeginDocument code.
Package caption Info: subfig package v1.3 is loaded.
Package caption Info: float package is loaded.
Package caption Info: listings package is loaded.
Package caption Info: longtable package is loaded.

("C:\Program Files (x86)\MiKTeX 2.9\tex\latex\caption\ltcaption.sty"
Package: ltcaption 2013/06/09 v1.4-94 longtable captions (AR)
)
Package caption Info: End \AtBeginDocument code.
\c@lstlisting=\count176

(ImmunochemiotherapyModel.toc
LaTeX Font Info:    Try loading font information for OML+plm on input line 1.

(C:\Users\Ania\AppData\Roaming\MiKTeX\2.9\tex\latex\polski\omlplm.fd
File: omlplm.fd 2008/02/24 v1.2.1 Font defs for fonts PL (MW)
)
LaTeX Font Info:    Try loading font information for OMS+plsy on input line 1.

(C:\Users\Ania\AppData\Roaming\MiKTeX\2.9\tex\latex\polski\omsplsy.fd
File: omsplsy.fd 2008/02/24 v1.2.1 Font defs for fonts PL (MW)
)
LaTeX Font Info:    Try loading font information for OMX+plex on input line 1.

(C:\Users\Ania\AppData\Roaming\MiKTeX\2.9\tex\latex\polski\omxplex.fd
File: omxplex.fd 2008/02/24 v1.2.1 Font defs for fonts PL (MW)
)
LaTeX Font Info:    External font `plex10' loaded for size
(Font)              <12> on input line 1.
LaTeX Font Info:    External font `plex10' loaded for size
(Font)              <8> on input line 1.
LaTeX Font Info:    External font `plex10' loaded for size
(Font)              <6> on input line 1.
LaTeX Font Info:    Try loading font information for U+msa on input line 1.

("C:\Program Files (x86)\MiKTeX 2.9\tex\latex\amsfonts\umsa.fd"
File: umsa.fd 2013/01/14 v3.01 AMS symbols A
)
LaTeX Font Info:    Try loading font information for U+msb on input line 1.

("C:\Program Files (x86)\MiKTeX 2.9\tex\latex\amsfonts\umsb.fd"
File: umsb.fd 2013/01/14 v3.01 AMS symbols B
) [1




{C:/Users/Ania/AppData/Local/MiKTeX/2.9/pdftex/config/pdftex.map}])
\tf@toc=\write4
\openout4 = `ImmunochemiotherapyModel.toc'.

 [2]
(ImmunochemiotherapyModel.lof)
\tf@lof=\write5
\openout5 = `ImmunochemiotherapyModel.lof'.

 [3

] (ImmunochemiotherapyModel.lot)
\tf@lot=\write6
\openout6 = `ImmunochemiotherapyModel.lot'.

 [4

]
(Rozdzialy.tex
Rozdzia\PlPrIeC {\l } 1.

Overfull \hbox (7.26859pt too wide) in paragraph at lines 4--6
[]\OT4/cmr/m/n/12 W pra-cy przed-sta-wio-no mo-del opi-su-j¡-cy od-po-wied¹ ukª
a-du im-mu-no-lo-gicz-ne-go na roz-
 []

[1


] [2]
Rozdzia\PlPrIeC {\l } 2.
LaTeX Font Info:    External font `plex10' loaded for size
(Font)              <10> on input line 31.
LaTeX Font Info:    External font `plex10' loaded for size
(Font)              <7> on input line 31.
LaTeX Font Info:    External font `plex10' loaded for size
(Font)              <5> on input line 31.
[3

]
Overfull \hbox (25.85364pt too wide) in paragraph at lines 52--52
[]|\OT4/cmr/m/n/12 Nieswoista 
 []


Overfull \hbox (29.97026pt too wide) in paragraph at lines 52--52
\OT4/cmr/m/n/12 (wrodzona)|  
 []


Underfull \hbox (badness 7168) in paragraph at lines 57--58
[]\OT4/cmr/m/n/12 Hamowanie trans-for-ma-cji lim-fo-cy-tów
 []


Underfull \hbox (badness 2556) in paragraph at lines 60--60
\OT4/cmr/m/n/12 któ-re ha-mu-j¡ uwal-nia-nie me-dia-to-rów
 []


Overfull \hbox (52.19843pt too wide) in paragraph at lines 50--68
 [][] 
 []

[4]
<./rysunki/Limf_TT2.jpg, id=328, 522.45187pt x 1002.74625pt>
File: ./rysunki/Limf_TT2.jpg Graphic file (type jpg)
<use ./rysunki/Limf_TT2.jpg>
Package pdftex.def Info: ./rysunki/Limf_TT2.jpg  used on input line 97.
(pdftex.def)             Requested size: 308.71106pt x 592.5179pt.


LaTeX Warning: `!h' float specifier changed to `!ht'.

[5]

LaTeX Warning: Text page 6 contains only floats.


Overfull \vbox (3.2086pt too high) has occurred while \output is active []


[6 <./rysunki/Limf_TT2.jpg>] [7] [8]
Rozdzia\PlPrIeC {\l } 3.
[9

]
Overfull \hbox (4.5596pt too wide) in paragraph at lines 174--175
[]\OT4/cmr/m/n/12 W nie-swo-istej czyn-nej im-mu-no-te-ra-pii po-bu-dza-ny jest
 ukªad od-por-no-±cio-wy, a zwªasz-
 []

[10]
Overfull \hbox (5.1512pt too wide) in paragraph at lines 194--195
\OT4/cmr/m/n/12 sze-nie ma-sy gu-za u cho-rych z miej-sco-wo za-awan-so-wa-nym 
no-wo-two-rem i umo»-
 []

[11]
Rozdzia\PlPrIeC {\l } 4.

Underfull \hbox (badness 10000) in paragraph at lines 215--216

 []

[12

]
Underfull \hbox (badness 10000) in paragraph at lines 253--254

 []


Underfull \hbox (badness 10000) in paragraph at lines 253--254

 []

[13] [14]
Underfull \hbox (badness 1577) in paragraph at lines 293--293
[]\OT4/cmr/m/n/12 Wspóªczynnik ska-lo-wa-nia si-ªy ukªa-du
 []


Overfull \hbox (7.2629pt too wide) in paragraph at lines 286--309
 [][] 
 []


LaTeX Warning: Float too large for page by 18.52063pt on input line 309.


LaTeX Warning: `h' float specifier changed to `ht'.


Underfull \hbox (badness 10000) in paragraph at lines 317--318

 []


Underfull \hbox (badness 10000) in paragraph at lines 317--318

 []


Overfull \hbox (55.01906pt too wide) detected at line 330
[]
 []

[15]
Underfull \hbox (badness 10000) in paragraph at lines 354--354
[]\OT4/cmr/m/n/12 Tempo roz-pa-du te-ra-peu-tycz-ne-go
 []


Underfull \hbox (badness 10000) in paragraph at lines 356--356
[]\OT4/cmr/m/n/12 Dezaktywacja mo-le-kuª interleukiny-2
 []


Overfull \hbox (5.3349pt too wide) in paragraph at lines 348--359
 [][] 
 []


LaTeX Warning: `!h' float specifier changed to `!ht'.

[16]
Underfull \hbox (badness 10000) in paragraph at lines 370--371

 []

[17] [18] [19]
Rozdzia\PlPrIeC {\l } 5.

Overfull \hbox (4.19926pt too wide) in paragraph at lines 379--380
[]\OT4/cmr/m/n/12 W pra-cy prze-pro-wa-dzo-no mo-de-lo-wa-nie od-po-wie-dzi ukª
a-du im-mu-no-lo-gicz-ne-go na roz-
 []

[20

]
Underfull \hbox (badness 10000) in paragraph at lines 413--414

 []

LaTeX Font Info:    External font `plex10' loaded for size
(Font)              <10.95> on input line 416.
<./rysunki/bez_lecz_sym1_regresja.jpg, id=491, 562.1pt x 421.575pt>
File: ./rysunki/bez_lecz_sym1_regresja.jpg Graphic file (type jpg)
<use ./rysunki/bez_lecz_sym1_regresja.jpg>
Package pdftex.def Info: ./rysunki/bez_lecz_sym1_regresja.jpg  used on input li
ne 439.
(pdftex.def)             Requested size: 374.86775pt x 281.14793pt.
<./rysunki/bez_lecz_sym1_progres.jpg, id=492, 562.1pt x 421.575pt>
File: ./rysunki/bez_lecz_sym1_progres.jpg Graphic file (type jpg)
<use ./rysunki/bez_lecz_sym1_progres.jpg>
Package pdftex.def Info: ./rysunki/bez_lecz_sym1_progres.jpg  used on input lin
e 442.
(pdftex.def)             Requested size: 374.86775pt x 281.14793pt.

LaTeX Warning: Float too large for page by 59.18658pt on input line 445.

[21] [22] [23 <./rysunki/bez_lecz_sym1_regresja.jpg> <./rysunki/bez_lecz_sym1_p
rogres.jpg>]
<./rysunki/wykres_bez_lecz_t120_t0.jpg, id=513, 630.10406pt x 382.42876pt>
File: ./rysunki/wykres_bez_lecz_t120_t0.jpg Graphic file (type jpg)
<use ./rysunki/wykres_bez_lecz_t120_t0.jpg>
Package pdftex.def Info: ./rysunki/wykres_bez_lecz_t120_t0.jpg  used on input l
ine 455.
(pdftex.def)             Requested size: 441.01773pt x 267.66911pt.
 [24 <./rysunki/wykres_bez_lecz_t120_t0.jpg>]
<./rysunki/wykres_bez_lecz_promien_t0.jpg, id=519, 629.35126pt x 384.6872pt>
File: ./rysunki/wykres_bez_lecz_promien_t0.jpg Graphic file (type jpg)
<use ./rysunki/wykres_bez_lecz_promien_t0.jpg>
Package pdftex.def Info: ./rysunki/wykres_bez_lecz_promien_t0.jpg  used on inpu
t line 464.
(pdftex.def)             Requested size: 441.01773pt x 269.56682pt.
 [25 <./rysunki/wykres_bez_lecz_promien_t0.jpg>]
Underfull \hbox (badness 10000) in paragraph at lines 483--484

 []

<./rysunki/bez_lecz_sym2_regresja.jpg, id=528, 562.1pt x 421.575pt>
File: ./rysunki/bez_lecz_sym2_regresja.jpg Graphic file (type jpg)
<use ./rysunki/bez_lecz_sym2_regresja.jpg>
Package pdftex.def Info: ./rysunki/bez_lecz_sym2_regresja.jpg  used on input li
ne 509.
(pdftex.def)             Requested size: 374.86775pt x 281.14793pt.
<./rysunki/bez_lecz_sym2_progres.jpg, id=529, 562.1pt x 421.575pt>
File: ./rysunki/bez_lecz_sym2_progres.jpg Graphic file (type jpg)
<use ./rysunki/bez_lecz_sym2_progres.jpg>
Package pdftex.def Info: ./rysunki/bez_lecz_sym2_progres.jpg  used on input lin
e 512.
(pdftex.def)             Requested size: 374.86775pt x 281.14793pt.

LaTeX Warning: Float too large for page by 59.18658pt on input line 515.

[26] [27 <./rysunki/bez_lecz_sym2_regresja.jpg> <./rysunki/bez_lecz_sym2_progre
s.jpg>]
Underfull \hbox (badness 10000) in paragraph at lines 518--520

 []

<./rysunki/wykres_bez_lecz_t120_c0.jpg, id=544, 632.3625pt x 379.4175pt>
File: ./rysunki/wykres_bez_lecz_t120_c0.jpg Graphic file (type jpg)
<use ./rysunki/wykres_bez_lecz_t120_c0.jpg>
Package pdftex.def Info: ./rysunki/wykres_bez_lecz_t120_c0.jpg  used on input l
ine 523.
(pdftex.def)             Requested size: 441.01773pt x 264.6178pt.
[28 <./rysunki/wykres_bez_lecz_t120_c0.jpg>]
<./rysunki/wykres_bez_lecz_promien_c0.jpg, id=550, 626.34pt x 381.67593pt>
File: ./rysunki/wykres_bez_lecz_promien_c0.jpg Graphic file (type jpg)
<use ./rysunki/wykres_bez_lecz_promien_c0.jpg>
Package pdftex.def Info: ./rysunki/wykres_bez_lecz_promien_c0.jpg  used on inpu
t line 532.
(pdftex.def)             Requested size: 441.01773pt x 268.75543pt.
 [29 <./rysunki/wykres_bez_lecz_promien_c0.jpg>] [30]
Rozdzia\PlPrIeC {\l } 6.
[31

]
Rozdzia\PlPrIeC {\l } 7.
[32

]
Rozdzia\PlPrIeC {\l } 8.
[33

] [34

]) (Dodatek.tex [35]
Rozdzia\PlPrIeC {\l } 9.

Overfull \hbox (3.37805pt too wide) in paragraph at lines 8--21
 [][] 
 []

) [36

]
Package atveryend Info: Empty hook `BeforeClearDocument' on input line 42.
Package atveryend Info: Empty hook `AfterLastShipout' on input line 42.
 (ImmunochemiotherapyModel.aux)
Package atveryend Info: Executing hook `AtVeryEndDocument' on input line 42.
Package atveryend Info: Executing hook `AtEndAfterFileList' on input line 42.
Package rerunfilecheck Info: File `ImmunochemiotherapyModel.out' has not change
d.
(rerunfilecheck)             Checksum: C1F06198470366B7D8640FAEF22B184B;2628.
Package atveryend Info: Empty hook `AtVeryVeryEnd' on input line 42.
 ) 
Here is how much of TeX's memory you used:
 9544 strings out of 493312
 144057 string characters out of 3136354
 270583 words of memory out of 3000000
 12769 multiletter control sequences out of 15000+200000
 20002 words of font info for 60 fonts, out of 3000000 for 9000
 1141 hyphenation exceptions out of 8191
 46i,13n,49p,1178b,439s stack positions out of 5000i,500n,10000p,200000b,50000s
{C:/Users/Ania/AppData/Roaming/MiKTeX/2.9/fonts/enc/dvips/pl/plrm.enc}{C:/Use
rs/Ania/AppData/Roaming/MiKTeX/2.9/fonts/enc/dvips/pl/plmi.enc}{C:/Users/Ania/A
ppData/Roaming/MiKTeX/2.9/fonts/enc/dvips/pl/plms.enc}{C:/Users/Ania/AppData/Ro
aming/MiKTeX/2.9/fonts/enc/dvips/pl/plme.enc}<C:/Users/Ania/AppData/Roaming/MiK
TeX/2.9/fonts/type1/public/pl/plbx10.pfb><C:/Users/Ania/AppData/Roaming/MiKTeX/
2.9/fonts/type1/public/pl/plbx12.pfb><C:/Users/Ania/AppData/Roaming/MiKTeX/2.9/
fonts/type1/public/pl/plex10.pfb><C:/Users/Ania/AppData/Roaming/MiKTeX/2.9/font
s/type1/public/pl/plmi10.pfb><C:/Users/Ania/AppData/Roaming/MiKTeX/2.9/fonts/ty
pe1/public/pl/plmi12.pfb><C:/Users/Ania/AppData/Roaming/MiKTeX/2.9/fonts/type1/
public/pl/plmi6.pfb><C:/Users/Ania/AppData/Roaming/MiKTeX/2.9/fonts/type1/publi
c/pl/plmi8.pfb><C:/Users/Ania/AppData/Roaming/MiKTeX/2.9/fonts/type1/public/pl/
plr10.pfb><C:/Users/Ania/AppData/Roaming/MiKTeX/2.9/fonts/type1/public/pl/plr12
.pfb><C:/Users/Ania/AppData/Roaming/MiKTeX/2.9/fonts/type1/public/pl/plr6.pfb><
C:/Users/Ania/AppData/Roaming/MiKTeX/2.9/fonts/type1/public/pl/plr7.pfb><C:/Use
rs/Ania/AppData/Roaming/MiKTeX/2.9/fonts/type1/public/pl/plr8.pfb><C:/Users/Ani
a/AppData/Roaming/MiKTeX/2.9/fonts/type1/public/pl/plsl10.pfb><C:/Users/Ania/Ap
pData/Roaming/MiKTeX/2.9/fonts/type1/public/pl/plsl12.pfb><C:/Users/Ania/AppDat
a/Roaming/MiKTeX/2.9/fonts/type1/public/pl/plsy10.pfb><C:/Users/Ania/AppData/Ro
aming/MiKTeX/2.9/fonts/type1/public/pl/plsy8.pfb>
Output written on ImmunochemiotherapyModel.pdf (40 pages, 631103 bytes).
PDF statistics:
 672 PDF objects out of 1000 (max. 8388607)
 142 named destinations out of 1000 (max. 500000)
 342 words of extra memory for PDF output out of 10000 (max. 10000000)

