\BOOKMARK [0][-]{chapter.1}{Wprowadzenie}{}% 1
\BOOKMARK [1][-]{section.1.1}{Streszczenie}{chapter.1}% 2
\BOOKMARK [1][-]{section.1.2}{Cel pracy}{chapter.1}% 3
\BOOKMARK [1][-]{section.1.3}{Uk\233ad pracy}{chapter.1}% 4
\BOOKMARK [0][-]{chapter.2}{Wstep}{}% 5
\BOOKMARK [1][-]{section.2.1}{Procesy nowotworowe}{chapter.2}% 6
\BOOKMARK [1][-]{section.2.2}{Budowa uk\233adu immunologicznego i jego znaczenie w procesie leczenia nowotwor\363w}{chapter.2}% 7
\BOOKMARK [2][-]{subsection.2.2.1}{Kom\363rki NK}{section.2.2}% 8
\BOOKMARK [2][-]{subsection.2.2.2}{Limfocyty typu T}{section.2.2}% 9
\BOOKMARK [2][-]{subsection.2.2.3}{Interleukiny}{section.2.2}% 10
\BOOKMARK [0][-]{chapter.3}{Leczenie nowotwor\363w}{}% 11
\BOOKMARK [1][-]{section.3.1}{Chemioterapia}{chapter.3}% 12
\BOOKMARK [1][-]{section.3.2}{Immunoterapia}{chapter.3}% 13
\BOOKMARK [2][-]{subsection.3.2.1}{Nieswoista bierna immunoterapia}{section.3.2}% 14
\BOOKMARK [2][-]{subsection.3.2.2}{Swoista bierna immunoterapia}{section.3.2}% 15
\BOOKMARK [2][-]{subsection.3.2.3}{Nieswoista czynna immunoterapia}{section.3.2}% 16
\BOOKMARK [2][-]{subsection.3.2.4}{Swoista czynna immunoterapia}{section.3.2}% 17
\BOOKMARK [1][-]{section.3.3}{Leczenie skojarzone}{chapter.3}% 18
\BOOKMARK [0][-]{chapter.4}{Model matematyczny}{}% 19
\BOOKMARK [1][-]{section.4.1}{Za\233ozenia modelu}{chapter.4}% 20
\BOOKMARK [1][-]{section.4.2}{Model nieuwzgledniajacy procesu leczenia}{chapter.4}% 21
\BOOKMARK [2][-]{subsection.4.2.1}{R\363wnania i opis modelu}{section.4.2}% 22
\BOOKMARK [1][-]{section.4.3}{Model uwzgledniajacy proces leczenia}{chapter.4}% 23
\BOOKMARK [2][-]{subsection.4.3.1}{R\363wnania i opis modelu}{section.4.3}% 24
\BOOKMARK [0][-]{chapter.5}{Symulacje}{}% 25
\BOOKMARK [1][-]{section.5.1}{Odpowiedz uk\233adu immunologicznego na rozwijajacy sie w organizmie nowotw\363r \205 brak leczenia}{chapter.5}% 26
\BOOKMARK [2][-]{subsection.5.1.1}{Scenariusz I \205 symulacja wykonana dla modelu nieleczonego guza}{section.5.1}% 27
\BOOKMARK [2][-]{subsection.5.1.2}{Scenariusz II \205 symulacja wykonana dla modelu nieleczonego guza}{section.5.1}% 28
\BOOKMARK [2][-]{subsection.5.1.3}{Scenariusz III \205 symulacja wykonana dla modelu nieleczonego guza}{section.5.1}% 29
\BOOKMARK [1][-]{section.5.2}{Leczenie metoda chemioterapii}{chapter.5}% 30
\BOOKMARK [2][-]{subsection.5.2.1}{Scenariusz I \205 symulacja wykonana dla modelu guza leczonego wy\233acznie chemioterapia}{section.5.2}% 31
\BOOKMARK [2][-]{subsection.5.2.2}{Scenariusz II \205 symulacja wykonana dla modelu guza leczonego wy\233acznie chemioterapia}{section.5.2}% 32
\BOOKMARK [2][-]{subsection.5.2.3}{Scenariusz III \205 symulacja wykonana dla modelu guza leczonego wy\233acznie chemioterapia}{section.5.2}% 33
\BOOKMARK [2][-]{subsection.5.2.4}{Scenariusz IV \205 symulacja wykonana dla modelu guza leczonego wy\233acznie chemioterapia}{section.5.2}% 34
\BOOKMARK [1][-]{section.5.3}{Leczenie metoda immunoterapii}{chapter.5}% 35
\BOOKMARK [2][-]{subsection.5.3.1}{Scenariusz I \205 symulacja wykonana dla modelu guza leczonego wy\233acznie immunoterapia}{section.5.3}% 36
\BOOKMARK [2][-]{subsection.5.3.2}{Scenariusz II \205 symulacja wykonana dla modelu guza leczonego wy\233acznie immunoterapia}{section.5.3}% 37
\BOOKMARK [2][-]{subsection.5.3.3}{Scenariusz III \205 symulacja wykonana dla modelu guza leczonego wy\233acznie immunoterapia}{section.5.3}% 38
\BOOKMARK [2][-]{subsection.5.3.4}{Scenariusz IV \205 symulacja wykonana dla modelu guza leczonego wy\233acznie immunoterapia}{section.5.3}% 39
\BOOKMARK [2][-]{subsection.5.3.5}{Scenariusz V \205 symulacja wykonana dla modelu guza leczonego wy\233acznie immunoterapia}{section.5.3}% 40
\BOOKMARK [1][-]{section.5.4}{Po\233aczenie metod chemioterapii i immunoterapii}{chapter.5}% 41
\BOOKMARK [2][-]{subsection.5.4.1}{Scenariusz I \205 symulacja wykonana dla modelu guza leczonego skojarzonymi metodami chemioterapii i immunoterapii}{section.5.4}% 42
\BOOKMARK [2][-]{subsection.5.4.2}{Scenariusz II \205 symulacja wykonana dla modelu guza leczonego skojarzonymi metodami chemioterapii i immunoterapii}{section.5.4}% 43
\BOOKMARK [2][-]{subsection.5.4.3}{Scenariusz III \205 symulacja wykonana dla modelu guza leczonego skojarzonymi metodami chemioterapii i immunoterapii}{section.5.4}% 44
\BOOKMARK [2][-]{subsection.5.4.4}{Scenariusz IV \205 symulacja wykonana dla modelu guza leczonego skojarzonymi metodami chemioterapii i immunoterapii}{section.5.4}% 45
\BOOKMARK [2][-]{subsection.5.4.5}{Scenariusz V \205 symulacja wykonana dla modelu guza leczonego skojarzonymi metodami chemioterapii i immunoterapii}{section.5.4}% 46
\BOOKMARK [1][-]{section.5.5}{Por\363wnanie stanu uk\233ad\363w immunologicznych u r\363znych pacjent\363w}{chapter.5}% 47
\BOOKMARK [2][-]{subsection.5.5.1}{Scenariusz I \205 symulacja wykonana dla modelu guza leczonego jeszcze nie wiem jak :\)}{section.5.5}% 48
\BOOKMARK [0][-]{chapter.6}{Rezultaty}{}% 49
\BOOKMARK [0][-]{chapter.7}{Analiza wynik\363w}{}% 50
\BOOKMARK [0][-]{chapter.8}{Podsumowanie}{}% 51
\BOOKMARK [0][-]{chapter.9}{Rozw\363j}{}% 52
\BOOKMARK [1][-]{section.9.1}{Interferony}{chapter.9}% 53
\BOOKMARK [1][-]{section.9.2}{Nowa odmiana limfocyt\363w typu T}{chapter.9}% 54
\BOOKMARK [0][-]{chapter.10}{Dodatek}{}% 55
\BOOKMARK [1][-]{section.10.1}{Tabela skr\363t\363w}{chapter.10}% 56
